Mono path[0] = '/home/ubuntu/simulation/builds/updatedphysics_linux_Data/Managed'
Mono config path = '/home/ubuntu/simulation/builds/updatedphysics_linux_Data/MonoBleedingEdge/etc'
Preloaded 'lib_burst_generated.so'
Preloaded 'libgrpc_csharp_ext.x64.so'
Initialize engine version: 2020.2.6f1 (8a2143876886)
[Subsystems] Discovering subsystems at path /home/ubuntu/simulation/builds/updatedphysics_linux_Data/UnitySubsystems
Forcing GfxDevice: Null
GfxDevice: creating device client; threaded=0
NullGfxDevice:
    Version:  NULL 1.0 [1.0]
    Renderer: Null Device
    Vendor:   Unity Technologies
Begin MonoManager ReloadAssembly
- Completed reload, in  0.043 seconds
ERROR: Shader Sprites/Default shader is not supported on this GPU (none of subshaders/fallbacks are suitable)
ERROR: Shader Sprites/Mask shader is not supported on this GPU (none of subshaders/fallbacks are suitable)
ERROR: Shader Legacy Shaders/VertexLit shader is not supported on this GPU (none of subshaders/fallbacks are suitable)
WARNING: Shader Unsupported: 'Standard' - All subshaders removed
WARNING: Shader Did you use #pragma only_renderers and omit this platform?
WARNING: Shader If subshaders removal was intentional, you may have forgotten turning Fallback off?
ERROR: Shader Standard shader is not supported on this GPU (none of subshaders/fallbacks are suitable)
WARNING: Shader Unsupported: 'Standard' - All subshaders removed
WARNING: Shader Did you use #pragma only_renderers and omit this platform?
WARNING: Shader If subshaders removal was intentional, you may have forgotten turning Fallback off?
ERROR: Shader GUI/Text Shader shader is not supported on this GPU (none of subshaders/fallbacks are suitable)
UnloadTime: 0.399065 ms
Fallback handler could not load library /home/ubuntu/simulation/builds/updatedphysics_linux_Data/Mono/libcoreclr.so
Fallback handler could not load library /home/ubuntu/simulation/builds/updatedphysics_linux_Data/Mono/libcoreclr.so
Fallback handler could not load library /home/ubuntu/simulation/builds/updatedphysics_linux_Data/Mono/libcoreclr.so
Fallback handler could not load library /home/ubuntu/simulation/builds/updatedphysics_linux_Data/Mono/libSystem.dylib
Fallback handler could not load library /home/ubuntu/simulation/builds/updatedphysics_linux_Data/Mono/libSystem.dylib.so
Fallback handler could not load library /home/ubuntu/simulation/builds/updatedphysics_linux_Data/Mono/libSystem.dylib
Fallback handler could not load library /home/ubuntu/simulation/builds/updatedphysics_linux_Data/Mono/libcoreclr.so
Fallback handler could not load library /home/ubuntu/simulation/builds/updatedphysics_linux_Data/Mono/libcoreclr.so
Fallback handler could not load library /home/ubuntu/simulation/builds/updatedphysics_linux_Data/Mono/libcoreclr.so
Fallback handler could not load library /home/ubuntu/simulation/builds/updatedphysics_linux_Data/Mono/libSystem.dylib
Fallback handler could not load library /home/ubuntu/simulation/builds/updatedphysics_linux_Data/Mono/libSystem.dylib.so
Fallback handler could not load library /home/ubuntu/simulation/builds/updatedphysics_linux_Data/Mono/libSystem.dylib
ERROR: Shader UI/Default shader is not supported on this GPU (none of subshaders/fallbacks are suitable)
Setting up 2 worker threads for Enlighten.
  Thread -> id: 7fa5728df700 -> priority: 1 
  Thread -> id: 7fa5720de700 -> priority: 1 
Waiting on threads to park on joinable thread list timed out.
